<?xml version="1.0" encoding="UTF-8" ?>
<testsuite tests="1" failures="0" name="FreeMarkerTest" time="0.149" errors="0" skipped="0">
  <properties>
    <property name="idea.version" value="2024.1"/>
    <property name="java.runtime.name" value="Java(TM) SE Runtime Environment"/>
    <property name="sun.boot.library.path" value="F:\ITapp\hspjdk8\jre\bin"/>
    <property name="java.vm.version" value="25.131-b11"/>
    <property name="java.vm.vendor" value="Oracle Corporation"/>
    <property name="maven.multiModuleProjectDirectory" value="F:\it\yupi\yang-yuzigenerator\yang-yuzigenerator-basic"/>
    <property name="java.vendor.url" value="http://java.oracle.com/"/>
    <property name="path.separator" value=";"/>
    <property name="guice.disable.misplaced.annotation.check" value="true"/>
    <property name="java.vm.name" value="Java HotSpot(TM) 64-Bit Server VM"/>
    <property name="file.encoding.pkg" value="sun.io"/>
    <property name="user.script" value=""/>
    <property name="user.country" value="CN"/>
    <property name="sun.java.launcher" value="SUN_STANDARD"/>
    <property name="sun.os.patch.level" value=""/>
    <property name="java.vm.specification.name" value="Java Virtual Machine Specification"/>
    <property name="user.dir" value="F:\it\yupi\yang-yuzigenerator\yang-yuzigenerator-basic"/>
    <property name="java.runtime.version" value="1.8.0_131-b11"/>
    <property name="java.awt.graphicsenv" value="sun.awt.Win32GraphicsEnvironment"/>
    <property name="java.endorsed.dirs" value="F:\ITapp\hspjdk8\jre\lib\endorsed"/>
    <property name="os.arch" value="amd64"/>
    <property name="java.io.tmpdir" value="C:\Users\82659\AppData\Local\Temp\"/>
    <property name="line.separator" value="
"/>
    <property name="java.vm.specification.vendor" value="Oracle Corporation"/>
    <property name="user.variant" value=""/>
    <property name="os.name" value="Windows 10"/>
    <property name="maven.ext.class.path" value="D:\Program Files\JetBrains\IntelliJ IDEA 2024.1\plugins\maven\lib\maven-event-listener.jar"/>
    <property name="archetypeCatalog" value="internal"/>
    <property name="classworlds.conf" value="F:\work\IT\apache-maven-3.8.8-bin\apache-maven-3.8.8\bin\m2.conf"/>
    <property name="sun.jnu.encoding" value="GBK"/>
    <property name="java.library.path" value="F:\ITapp\hspjdk8\bin;C:\WINDOWS\Sun\Java\bin;C:\WINDOWS\system32;C:\WINDOWS;F:\ITapp\vmware17\bin\;C:\ProgramData\Oracle\Java\javapath;C:\Windows\system32;C:\Windows;C:\Windows\System32\Wbem;C:\Windows\System32\WindowsPowerShell\v1.0\;C:\Windows\System32\OpenSSH\;C:\Program Files (x86)\NVIDIA Corporation\PhysX\Common;C:\Program Files\NVIDIA Corporation\NVIDIA NvDLISR;C:\Program Files\dotnet\;C:\Program Files\Microsoft SQL Server\120\Tools\Binn\;C:\Program Files\Common Files\Autodesk Shared\;C:\Program Files\MySQL\MySQL Server 8.0\bin;C:\WINDOWS\system32;C:\WINDOWS;C:\WINDOWS\System32\Wbem;C:\WINDOWS\System32\WindowsPowerShell\v1.0\;C:\WINDOWS\System32\OpenSSH\;F:\work\IT\nodejs20.11.0\;F:\ITapp\git\Git\cmd;F:\ITapp\xshell\;F:\ITapp\xftp\;C:\Users\82659\AppData\Local\Microsoft\WindowsApps;F:\ITapp\hspjdk8\bin;D:\Program Files\JetBrains\IntelliJ IDEA 2024.1\bin;;C:\Users\82659\AppData\Roaming\npm;."/>
    <property name="jansi.passthrough" value="true"/>
    <property name="maven.conf" value="F:\work\IT\apache-maven-3.8.8-bin\apache-maven-3.8.8/conf"/>
    <property name="java.specification.name" value="Java Platform API Specification"/>
    <property name="java.class.version" value="52.0"/>
    <property name="sun.management.compiler" value="HotSpot 64-Bit Tiered Compilers"/>
    <property name="maven.repo.local" value="F:\work\IT\apache-maven-3.8.8-bin\repository"/>
    <property name="os.version" value="10.0"/>
    <property name="user.home" value="C:\Users\82659"/>
    <property name="user.timezone" value="Asia/Shanghai"/>
    <property name="java.awt.printerjob" value="sun.awt.windows.WPrinterJob"/>
    <property name="java.specification.version" value="1.8"/>
    <property name="file.encoding" value="UTF-8"/>
    <property name="user.name" value="82659"/>
    <property name="java.class.path" value="F:\work\IT\apache-maven-3.8.8-bin\apache-maven-3.8.8\boot\plexus-classworlds-2.6.0.jar;F:\work\IT\apache-maven-3.8.8-bin\apache-maven-3.8.8\boot\plexus-classworlds.license;D:\Program Files\JetBrains\IntelliJ IDEA 2024.1\lib\idea_rt.jar"/>
    <property name="java.vm.specification.version" value="1.8"/>
    <property name="sun.arch.data.model" value="64"/>
    <property name="java.home" value="F:\ITapp\hspjdk8\jre"/>
    <property name="sun.java.command" value="org.codehaus.classworlds.Launcher -Didea.version=2024.1 -s F:\work\IT\apache-maven-3.8.8-bin\apache-maven-3.8.8\conf\settings.xml -Dmaven.repo.local=F:\work\IT\apache-maven-3.8.8-bin\repository package"/>
    <property name="java.specification.vendor" value="Oracle Corporation"/>
    <property name="user.language" value="zh"/>
    <property name="awt.toolkit" value="sun.awt.windows.WToolkit"/>
    <property name="java.vm.info" value="mixed mode"/>
    <property name="java.version" value="1.8.0_131"/>
    <property name="java.ext.dirs" value="F:\ITapp\hspjdk8\jre\lib\ext;C:\WINDOWS\Sun\Java\lib\ext"/>
    <property name="sun.boot.class.path" value="F:\ITapp\hspjdk8\jre\lib\resources.jar;F:\ITapp\hspjdk8\jre\lib\rt.jar;F:\ITapp\hspjdk8\jre\lib\sunrsasign.jar;F:\ITapp\hspjdk8\jre\lib\jsse.jar;F:\ITapp\hspjdk8\jre\lib\jce.jar;F:\ITapp\hspjdk8\jre\lib\charsets.jar;F:\ITapp\hspjdk8\jre\lib\jfr.jar;F:\ITapp\hspjdk8\jre\classes"/>
    <property name="java.vendor" value="Oracle Corporation"/>
    <property name="maven.home" value="F:\work\IT\apache-maven-3.8.8-bin\apache-maven-3.8.8"/>
    <property name="file.separator" value="\"/>
    <property name="java.vendor.url.bug" value="http://bugreport.sun.com/bugreport/"/>
    <property name="sun.cpu.endian" value="little"/>
    <property name="sun.io.unicode.encoding" value="UnicodeLittle"/>
    <property name="sun.desktop" value="windows"/>
    <property name="sun.cpu.isalist" value="amd64"/>
  </properties>
  <testcase classname="FreeMarkerTest" name="test" time="0.149"/>
</testsuite>